<?xml version="1.0" encoding="UTF-8"?>
<!-- Generated by org.testng.reporters.JUnitXMLReporter -->
<testsuite ignored="0" hostname="DESKTOP-346RFLV" failures="0" tests="2" name="Default test" time="12.77" errors="0" timestamp="2022-11-15T14:10:53 EST">
  <testcase classname="dataDrivenRestAssured.DataDrivenTestUsingExcelData" name="testPostRequestWithExcelData" time="7.111"/>
  <testcase classname="dataDrivenRestAssured.DataDrivenTestUsingExcelData" name="testPostRequestWithExcelData" time="0.099"/>
</testsuite> <!-- Default test -->
