<?xml version="1.0" encoding="UTF-8"?>
<testng-results ignored="0" total="1" passed="1" failed="0" skipped="0">
  <reporter-output>
  </reporter-output>
  <suite started-at="2023-01-11T20:29:37 EST" name="Default suite" finished-at="2023-01-11T20:29:38 EST" duration-ms="996">
    <groups>
    </groups>
    <test started-at="2023-01-11T20:29:37 EST" name="Default test" finished-at="2023-01-11T20:29:38 EST" duration-ms="996">
      <class name="in.reqres.restassured.testcases.TC009_GET_AllEmployees">
        <test-method signature="getAllEmployees()[pri:0, instance:in.reqres.restassured.testcases.TC009_GET_AllEmployees@7133da86]" started-at="2023-01-11T20:29:37 EST" name="getAllEmployees" finished-at="2023-01-11T20:29:38 EST" duration-ms="981" status="PASS">
          <reporter-output>
          </reporter-output>
        </test-method> <!-- getAllEmployees -->
      </class> <!-- in.reqres.restassured.testcases.TC009_GET_AllEmployees -->
    </test> <!-- Default test -->
  </suite> <!-- Default suite -->
</testng-results>
